<?xml version="1.0" encoding="UTF-8"?>
<!-- Generated by org.testng.reporters.JUnitReportReporter -->
<testsuite hostname="Vicky" failures="0" tests="1" name="sprint_2_Negative.bSprint_1_LoginLogout_Demo_User" time="7.969" errors="0" timestamp="2024-02-09T17:37:12 IST" skipped="0">
  <testcase classname="sprint_2_Negative.bSprint_1_LoginLogout_Demo_User" name="loginWithoutByGivingLessThan10NumbersInMobileNumberIntegerFieldTest" time="7.969"/>
  <system-out/>
</testsuite> <!-- sprint_2_Negative.bSprint_1_LoginLogout_Demo_User -->
