<?xml version="1.0" encoding="UTF-8"?>
<!-- Generated by org.testng.reporters.JUnitReportReporter -->
<testsuite hostname="Vicky" failures="0" tests="1" name="sprint_1.Schemes" time="41.201" errors="0" timestamp="2024-02-02T15:25:20 IST" skipped="0">
  <testcase classname="sprint_1.Schemes" name="CreateScheme" time="41.201"/>
  <system-out/>
</testsuite> <!-- sprint_1.Schemes -->
