<?xml version="1.0" encoding="UTF-8"?>
<!-- Generated by org.testng.reporters.JUnitReportReporter -->
<testsuite hostname="Vicky" failures="0" tests="1" name="sprint_1.Sprint_1_SchemeCreationDemo" time="41.149" errors="0" timestamp="2024-01-31T11:35:13 IST" skipped="0">
  <testcase classname="sprint_1.Sprint_1_SchemeCreationDemo" name="schemeCreation" time="41.149"/>
  <system-out/>
</testsuite> <!-- sprint_1.Sprint_1_SchemeCreationDemo -->
