<?xml version="1.0" encoding="UTF-8"?>
<!-- Generated by org.testng.reporters.JUnitReportReporter -->
<testsuite hostname="Vicky" failures="0" tests="1" name="sprint_1.Sprint_1_VerifyingTheSubscribedUser_Demo_FMS" time="70.208" errors="0" timestamp="2024-02-05T17:58:42 IST" skipped="0">
  <testcase classname="sprint_1.Sprint_1_VerifyingTheSubscribedUser_Demo_FMS" name="verifyingTheSubscribedUser" time="70.208"/>
  <system-out/>
</testsuite> <!-- sprint_1.Sprint_1_VerifyingTheSubscribedUser_Demo_FMS -->
