<?xml version="1.0" encoding="UTF-8"?>
<!-- Generated by org.testng.reporters.JUnitReportReporter -->
<testsuite hostname="Vicky" failures="0" tests="1" name="sprint_1_Negative.aSprint_1_LoginLogout_Demo_FMS" time="6.706" errors="0" timestamp="2024-02-07T14:16:13 IST" skipped="0">
  <testcase classname="sprint_1_Negative.aSprint_1_LoginLogout_Demo_FMS" name="loginLogoutTest" time="6.706"/>
  <system-out/>
</testsuite> <!-- sprint_1_Negative.aSprint_1_LoginLogout_Demo_FMS -->
