<?xml version="1.0" encoding="UTF-8"?>
<!-- Generated by org.testng.reporters.JUnitReportReporter -->
<testsuite hostname="DESKTOP-8MHJ60P" failures="0" tests="1" name="sprint_1.BasePomTest" time="0.476" errors="0" timestamp="2024-01-09T13:13:13 IST" skipped="0">
  <testcase classname="sprint_1.BasePomTest" name="login" time="0.476"/>
  <system-out/>
</testsuite> <!-- sprint_1.BasePomTest -->
