<?xml version="1.0" encoding="UTF-8"?>
<!-- Generated by org.testng.reporters.JUnitReportReporter -->
<testsuite hostname="DESKTOP-8MHJ60P" failures="0" tests="1" name="sample.Banners" time="6.880" errors="0" timestamp="2024-01-19T17:11:14 IST" skipped="0">
  <testcase classname="sample.Banners" name="enableOrDisableParticularMainBanner" time="6.880"/>
  <system-out/>
</testsuite> <!-- sample.Banners -->
