<?xml version="1.0" encoding="UTF-8"?>
<!-- Generated by org.testng.reporters.JUnitReportReporter -->
<testsuite hostname="Vicky" failures="0" tests="1" name="sprint_1.Sprint_1_PayingMonthlySchemePayments" time="57.417" errors="0" timestamp="2024-02-05T17:47:49 IST" skipped="0">
  <testcase classname="sprint_1.Sprint_1_PayingMonthlySchemePayments" name="payMonthlyPayment" time="57.417"/>
  <system-out/>
</testsuite> <!-- sprint_1.Sprint_1_PayingMonthlySchemePayments -->
