<?xml version="1.0" encoding="UTF-8"?>
<!-- Generated by org.testng.reporters.JUnitReportReporter -->
<testsuite hostname="Vicky" failures="0" tests="1" name="sprint_1.aSprint_1_LoginAndLogout_Demo_FMS" time="17.971" errors="0" timestamp="2024-02-06T13:03:12 IST" skipped="0">
  <testcase classname="sprint_1.aSprint_1_LoginAndLogout_Demo_FMS" name="loginLogoutFmsTest" time="17.971"/>
  <system-out/>
</testsuite> <!-- sprint_1.aSprint_1_LoginAndLogout_Demo_FMS -->
