<?xml version="1.0" encoding="UTF-8"?>
<!-- Generated by org.testng.reporters.JUnitReportReporter -->
<testsuite hostname="DESKTOP-8MHJ60P" failures="0" tests="1" name="Sample.Sample" time="0.165" errors="0" timestamp="2024-01-06T12:57:34 IST" skipped="0">
  <testcase classname="Sample.Sample" name="abc" time="0.165"/>
  <system-out/>
</testsuite> <!-- Sample.Sample -->
