<?xml version="1.0" encoding="UTF-8"?>
<!-- Generated by org.testng.reporters.JUnitReportReporter -->
<testsuite hostname="DESKTOP-8MHJ60P" failures="0" tests="1" name="sprint_1.ALLSchemeActions" time="36.880" errors="0" timestamp="2024-01-12T18:18:51 IST" skipped="0">
  <testcase classname="sprint_1.ALLSchemeActions" name="CreateScheme" time="36.880"/>
  <system-out/>
</testsuite> <!-- sprint_1.ALLSchemeActions -->
