<?xml version="1.0" encoding="UTF-8"?>
<!-- Generated by org.testng.reporters.JUnitReportReporter -->
<testsuite hostname="Vicky" failures="0" tests="1" name="sprint_2_Negative.aSprint_1_LoginLogout_Demo_FMS" time="46.873" errors="0" timestamp="2024-02-13T11:59:08 IST" skipped="0">
  <testcase classname="sprint_2_Negative.aSprint_1_LoginLogout_Demo_FMS" name="addingTenureListDetailsByGivingAllDetailsPassTest" time="46.873"/>
  <system-out/>
</testsuite> <!-- sprint_2_Negative.aSprint_1_LoginLogout_Demo_FMS -->
