<?xml version="1.0" encoding="UTF-8"?>
<!-- Generated by org.testng.reporters.JUnitReportReporter -->
<testsuite hostname="Vicky" failures="0" tests="1" name="sprint_1.cSprint_1_SchemeAllActions_Demo_FMS" time="265.183" errors="0" timestamp="2024-02-06T13:03:12 IST" skipped="0">
  <testcase classname="sprint_1.cSprint_1_SchemeAllActions_Demo_FMS" name="schemeCreationTest" time="265.183"/>
  <system-out/>
</testsuite> <!-- sprint_1.cSprint_1_SchemeAllActions_Demo_FMS -->
